kotlin version: 2.0.0
error message: kotlin.NotImplementedError: Generation of stubs for class org.jetbrains.kotlin.ir.symbols.impl.IrTypeParameterPublicSymbolImpl is not supported yet
	at org.jetbrains.kotlin.backend.common.linkage.partial.MissingDeclarationStubGenerator.getDeclaration(MissingDeclarationStubGenerator.kt:62)
	at org.jetbrains.kotlin.backend.common.linkage.partial.ClassifierExplorer.exploreSymbol(ClassifierExplorer.kt:96)
	at org.jetbrains.kotlin.backend.common.linkage.partial.ClassifierExplorer.exploreType(ClassifierExplorer.kt:75)
	at org.jetbrains.kotlin.backend.common.linkage.partial.ClassifierExplorer.exploreType(ClassifierExplorer.kt:76)
	at org.jetbrains.kotlin.backend.common.linkage.partial.ClassifierExplorer.exploreType(ClassifierExplorer.kt:76)
	at org.jetbrains.kotlin.backend.common.linkage.partial.ClassifierExplorer.exploreType(ClassifierExplorer.kt:65)
	at org.jetbrains.kotlin.backend.common.linkage.partial.PartiallyLinkedIrTreePatcher.explore(PartiallyLinkedIrTreePatcher.kt:946)
	at org.jetbrains.kotlin.backend.common.linkage.partial.PartiallyLinkedIrTreePatcher.toPartiallyLinkedMarkerTypeOrNull(PartiallyLinkedIrTreePatcher.kt:949)
	at org.jetbrains.kotlin.backend.common.linkage.partial.PartiallyLinkedIrTreePatcher.access$toPartiallyLinkedMarkerTypeOrNull(PartiallyLinkedIrTreePatcher.kt:43)
	at org.jetbrains.kotlin.backend.common.linkage.partial.PartiallyLinkedIrTreePatcher$DeclarationTransformer.visitVariable(PartiallyLinkedIrTreePatcher.kt:422)
	at org.jetbrains.kotlin.ir.visitors.IrElementTransformerVoid.visitVariable(IrElementTransformerVoid.kt:143)
	at org.jetbrains.kotlin.ir.visitors.IrElementTransformerVoid.visitVariable(IrElementTransformerVoid.kt:19)
	at org.jetbrains.kotlin.ir.declarations.IrVariable.accept(IrVariable.kt:36)
	at org.jetbrains.kotlin.ir.IrElementBase.transform(IrElementBase.kt:24)
	at org.jetbrains.kotlin.ir.util.TransformKt.transformInPlace(transform.kt:35)
	at org.jetbrains.kotlin.ir.expressions.IrContainerExpression.transformChildren(IrContainerExpression.kt:26)
	at org.jetbrains.kotlin.ir.visitors.IrElementTransformerVoidKt.transformChildrenVoid(IrElementTransformerVoid.kt:565)
	at org.jetbrains.kotlin.ir.visitors.IrElementTransformerVoid.transformChildrenVoid(IrElementTransformerVoid.kt:28)
	at org.jetbrains.kotlin.backend.common.linkage.partial.PartiallyLinkedIrTreePatcher$DeclarationTransformer.transformChildrenWithRemoval(PartiallyLinkedIrTreePatcher.kt:140)
	at org.jetbrains.kotlin.backend.common.linkage.partial.PartiallyLinkedIrTreePatcher$DeclarationTransformer.transformChildrenWithRemoval(PartiallyLinkedIrTreePatcher.kt:136)
	at org.jetbrains.kotlin.backend.common.linkage.partial.PartiallyLinkedIrTreePatcher$DeclarationTransformer.visitContainerExpression(PartiallyLinkedIrTreePatcher.kt:434)
	at org.jetbrains.kotlin.ir.visitors.IrElementTransformerVoid.visitBlock(IrElementTransformerVoid.kt:248)
	at org.jetbrains.kotlin.ir.visitors.IrElementTransformerVoid.visitBlock(IrElementTransformerVoid.kt:251)
	at org.jetbrains.kotlin.ir.visitors.IrElementTransformerVoid.visitBlock(IrElementTransformerVoid.kt:19)
	at org.jetbrains.kotlin.ir.expressions.IrBlock.accept(IrBlock.kt:18)
	at org.jetbrains.kotlin.ir.expressions.IrExpression.transform(IrExpression.kt:24)
	at org.jetbrains.kotlin.ir.expressions.IrExpression.transform(IrExpression.kt:20)
	at org.jetbrains.kotlin.ir.util.TransformKt.transformInPlace(transform.kt:35)
	at org.jetbrains.kotlin.ir.expressions.IrBlockBody.transformChildren(IrBlockBody.kt:27)
	at org.jetbrains.kotlin.ir.visitors.IrElementTransformerVoidKt.transformChildrenVoid(IrElementTransformerVoid.kt:565)
	at org.jetbrains.kotlin.ir.visitors.IrElementTransformerVoid.transformChildrenVoid(IrElementTransformerVoid.kt:28)
	at org.jetbrains.kotlin.backend.common.linkage.partial.PartiallyLinkedIrTreePatcher$DeclarationTransformer.transformChildrenWithRemoval(PartiallyLinkedIrTreePatcher.kt:140)
	at org.jetbrains.kotlin.backend.common.linkage.partial.PartiallyLinkedIrTreePatcher$DeclarationTransformer.transformChildrenWithRemoval(PartiallyLinkedIrTreePatcher.kt:136)
	at org.jetbrains.kotlin.backend.common.linkage.partial.PartiallyLinkedIrTreePatcher$DeclarationTransformer.visitBlockBody(PartiallyLinkedIrTreePatcher.kt:430)
	at org.jetbrains.kotlin.ir.visitors.IrElementTransformerVoid.visitBlockBody(IrElementTransformerVoid.kt:191)
	at org.jetbrains.kotlin.ir.visitors.IrElementTransformerVoid.visitBlockBody(IrElementTransformerVoid.kt:19)
	at org.jetbrains.kotlin.ir.expressions.IrBlockBody.accept(IrBlockBody.kt:20)
	at org.jetbrains.kotlin.ir.expressions.IrBody.transform(IrBody.kt:20)
	at org.jetbrains.kotlin.ir.declarations.IrFunction.transformChildren(IrFunction.kt:58)
	at org.jetbrains.kotlin.ir.visitors.IrElementTransformerVoidKt.transformChildrenVoid(IrElementTransformerVoid.kt:565)
	at org.jetbrains.kotlin.ir.visitors.IrElementTransformerVoid.transformChildrenVoid(IrElementTransformerVoid.kt:28)
	at org.jetbrains.kotlin.backend.common.linkage.partial.PartiallyLinkedIrTreePatcher$DeclarationTransformer.transformChildren(PartiallyLinkedIrTreePatcher.kt:128)
	at org.jetbrains.kotlin.backend.common.linkage.partial.PartiallyLinkedIrTreePatcher$DeclarationTransformer.visitSimpleFunction(PartiallyLinkedIrTreePatcher.kt:310)
	at org.jetbrains.kotlin.ir.visitors.IrElementTransformerVoid.visitSimpleFunction(IrElementTransformerVoid.kt:131)
	at org.jetbrains.kotlin.ir.visitors.IrElementTransformerVoid.visitSimpleFunction(IrElementTransformerVoid.kt:19)
	at org.jetbrains.kotlin.ir.declarations.IrSimpleFunction.accept(IrSimpleFunction.kt:36)
	at org.jetbrains.kotlin.ir.IrElementBase.transform(IrElementBase.kt:24)
	at org.jetbrains.kotlin.ir.util.TransformKt.transformInPlace(transform.kt:35)
	at org.jetbrains.kotlin.ir.declarations.IrFile.transformChildren(IrFile.kt:38)
	at org.jetbrains.kotlin.ir.visitors.IrElementTransformerVoidKt.transformChildrenVoid(IrElementTransformerVoid.kt:565)
	at org.jetbrains.kotlin.ir.visitors.IrElementTransformerVoid.transformChildrenVoid(IrElementTransformerVoid.kt:28)
	at org.jetbrains.kotlin.backend.common.linkage.partial.PartiallyLinkedIrTreePatcher$DeclarationTransformer.transformChildrenWithRemoval(PartiallyLinkedIrTreePatcher.kt:140)
	at org.jetbrains.kotlin.backend.common.linkage.partial.PartiallyLinkedIrTreePatcher$DeclarationTransformer.transformChildrenWithRemoval(PartiallyLinkedIrTreePatcher.kt:133)
	at org.jetbrains.kotlin.backend.common.linkage.partial.PartiallyLinkedIrTreePatcher$DeclarationTransformer.visitPackageFragment(PartiallyLinkedIrTreePatcher.kt:155)
	at org.jetbrains.kotlin.ir.visitors.IrElementTransformerVoid.visitFile(IrElementTransformerVoid.kt:160)
	at org.jetbrains.kotlin.backend.common.linkage.partial.FileAwareIrElementTransformerVoid.visitFile$lambda$0(PartialLinkageUtils.kt:97)
	at org.jetbrains.kotlin.backend.common.linkage.partial.FileAwareIrElementTransformerVoid.runInFile(PartialLinkageUtils.kt:90)
	at org.jetbrains.kotlin.backend.common.linkage.partial.FileAwareIrElementTransformerVoid.visitFile(PartialLinkageUtils.kt:96)
	at org.jetbrains.kotlin.ir.visitors.IrElementTransformerVoid.visitFile(IrElementTransformerVoid.kt:163)
	at org.jetbrains.kotlin.ir.visitors.IrElementTransformerVoid.visitFile(IrElementTransformerVoid.kt:19)
	at org.jetbrains.kotlin.ir.declarations.IrFile.accept(IrFile.kt:28)
	at org.jetbrains.kotlin.ir.declarations.IrFile.transform(IrFile.kt:31)
	at org.jetbrains.kotlin.ir.declarations.IrFile.transform(IrFile.kt:20)
	at org.jetbrains.kotlin.ir.util.TransformKt.transformInPlace(transform.kt:35)
	at org.jetbrains.kotlin.ir.declarations.IrModuleFragment.transformChildren(IrModuleFragment.kt:43)
	at org.jetbrains.kotlin.ir.visitors.IrElementTransformerVoid.visitModuleFragment(IrElementTransformerVoid.kt:108)
	at org.jetbrains.kotlin.ir.visitors.IrElementTransformerVoid.visitModuleFragment(IrElementTransformerVoid.kt:113)
	at org.jetbrains.kotlin.ir.visitors.IrElementTransformerVoid.visitModuleFragment(IrElementTransformerVoid.kt:19)
	at org.jetbrains.kotlin.ir.declarations.IrModuleFragment.accept(IrModuleFragment.kt:33)
	at org.jetbrains.kotlin.ir.declarations.IrModuleFragment.transform(IrModuleFragment.kt:36)
	at org.jetbrains.kotlin.ir.declarations.IrModuleFragment.transform(IrModuleFragment.kt:23)
	at org.jetbrains.kotlin.backend.common.linkage.partial.PartiallyLinkedIrTreePatcher.transformVoid(PartiallyLinkedIrTreePatcher.kt:89)
	at org.jetbrains.kotlin.backend.common.linkage.partial.PartiallyLinkedIrTreePatcher.patchModuleFragments(PartiallyLinkedIrTreePatcher.kt:69)
	at org.jetbrains.kotlin.backend.common.linkage.partial.PartialLinkageSupportForLinkerImpl.generateStubsAndPatchUsages$lambda$1(PartialLinkageSupportForLinkerImpl.kt:64)
	at org.jetbrains.kotlin.backend.common.linkage.partial.PartialLinkageSupportForLinkerImpl.generateStubsAndPatchUsagesInternal(PartialLinkageSupportForLinkerImpl.kt:82)
	at org.jetbrains.kotlin.backend.common.linkage.partial.PartialLinkageSupportForLinkerImpl.generateStubsAndPatchUsages(PartialLinkageSupportForLinkerImpl.kt:64)
	at org.jetbrains.kotlin.backend.common.serialization.KotlinIrLinker.postProcess(KotlinIrLinker.kt:231)
	at org.jetbrains.kotlin.ir.backend.js.KlibKt.getIrModuleInfoForKlib(klib.kt:275)
	at org.jetbrains.kotlin.ir.backend.js.KlibKt.loadIr(klib.kt:212)
	at org.jetbrains.kotlin.ir.backend.js.JsCompilerKt.compile(jsCompiler.kt:53)
	at org.jetbrains.kotlin.ir.backend.js.JsCompilerKt.compile$default(jsCompiler.kt:38)
	at org.jetbrains.kotlin.cli.js.K2JsIrCompiler$Ir2JsTransformer.lowerIr(K2JsIrCompiler.kt:115)
	at org.jetbrains.kotlin.cli.js.K2JsIrCompiler$Ir2JsTransformer.makeJsCodeGenerator(K2JsIrCompiler.kt:138)
	at org.jetbrains.kotlin.cli.js.K2JsIrCompiler$Ir2JsTransformer.compileAndTransformIrNew(K2JsIrCompiler.kt:148)
	at org.jetbrains.kotlin.cli.js.K2JsIrCompiler.doExecute(K2JsIrCompiler.kt:451)
	at org.jetbrains.kotlin.cli.js.K2JSCompiler.doExecute(K2JSCompiler.java:109)
	at org.jetbrains.kotlin.cli.js.K2JSCompiler.doExecute(K2JSCompiler.java:72)
	at org.jetbrains.kotlin.cli.common.CLICompiler.execImpl(CLICompiler.kt:104)
	at org.jetbrains.kotlin.cli.common.CLICompiler.execImpl(CLICompiler.kt:48)
	at org.jetbrains.kotlin.cli.common.CLITool.exec(CLITool.kt:101)
	at org.jetbrains.kotlin.daemon.CompileServiceImpl.compile(CompileServiceImpl.kt:1556)
	at java.base/jdk.internal.reflect.DirectMethodHandleAccessor.invoke(DirectMethodHandleAccessor.java:103)
	at java.base/java.lang.reflect.Method.invoke(Method.java:580)
	at java.rmi/sun.rmi.server.UnicastServerRef.dispatch(UnicastServerRef.java:360)
	at java.rmi/sun.rmi.transport.Transport$1.run(Transport.java:200)
	at java.rmi/sun.rmi.transport.Transport$1.run(Transport.java:197)
	at java.base/java.security.AccessController.doPrivileged(AccessController.java:714)
	at java.rmi/sun.rmi.transport.Transport.serviceCall(Transport.java:196)
	at java.rmi/sun.rmi.transport.tcp.TCPTransport.handleMessages(TCPTransport.java:598)
	at java.rmi/sun.rmi.transport.tcp.TCPTransport$ConnectionHandler.run0(TCPTransport.java:844)
	at java.rmi/sun.rmi.transport.tcp.TCPTransport$ConnectionHandler.lambda$run$0(TCPTransport.java:721)
	at java.base/java.security.AccessController.doPrivileged(AccessController.java:400)
	at java.rmi/sun.rmi.transport.tcp.TCPTransport$ConnectionHandler.run(TCPTransport.java:720)
	at java.base/java.util.concurrent.ThreadPoolExecutor.runWorker(ThreadPoolExecutor.java:1144)
	at java.base/java.util.concurrent.ThreadPoolExecutor$Worker.run(ThreadPoolExecutor.java:642)
	at java.base/java.lang.Thread.run(Thread.java:1583)


